nohup: ignoring input
/home/matt/simplex/simplex2b.py:435: DeprecationWarning: jax.device_put_replicated is deprecated; use jax.device_put instead.
  rep_model = jax.device_put_replicated(model, jax.local_devices())
configuration:
* sequence_length               : 8
* num_factors                   : 3
* num_blocks                    : 4
* embed_size                    : 120
* num_heads                     : 3
* head_size                     : 40
* mlp_size                      : 480
* learning_rate                 : 0.0005
* batch_size_per_device         : 6250
* num_steps                     : 1048576
* opt                           : 'adam'
* probe_layer                   : -1
* probe_num_seqs                : 512
* vis_period                    : 64
* epsilon                       : 0.0
* results_file                  : ''
* metrics_file                  : 'metrics_eps0.0_big.jsonl'
* seed                          : 42
* train                         : True
* args                          : 'simplex2b.py --batch-size-per-device 6250 --epsilon 0.0 --metrics-file metrics_eps0.0_big.jsonl'
* start_time                    : datetime.datetime(2026, 3, 15, 17, 49, 36, 268417)
* num_devices                   : 4
* batch_size                    : 25000
initialising training distribution...
  F0: alpha=0.550, x=0.100
  F1: alpha=0.700, x=0.275
  F2: alpha=0.850, x=0.450
factors: 3, symbols per factor: [3, 3, 3]
joint symbols: 27, joint states: 27
example sequences
* S11 [22] S16 [14] S17 [19] S13 [14] S14 [12] S13 [12] S12 [21] S12 [22] S22
* S24 [21] S18 [13] S22 [26] S21 [25] S25 [20] S20 [3] S0 [14] S5 [25] S7
* S10 [12] S12 [22] S13 [24] S15 [16] S16 [0] S9 [2] S11 [12] S12 [8] S17
* S10 [6] S6 [8] S17 [6] S15 [14] S13 [5] S14 [21] S12 [4] S13 [5] S14
* S4 [18] S3 [22] S4 [15] S6 [26] S7 [17] S8 [1] S1 [7] S4 [26] S8
* S5 [6] S6 [19] S1 [13] S4 [12] S3 [6] S8 [7] S8 [0] S0 [4] S4
* S25 [14] S14 [8] S17 [25] S15 [16] S16 [15] S15 [4] S14 [3] S9 [13] S13
* S26 [19] S22 [23] S23 [12] S21 [5] S26 [9] S12 [15] S25 [7] S8 [20] S5
* S7 [15] S6 [7] S7 [5] S26 [10] S19 [9] S18 [8] S26 [19] S22 [23] S23
* S22 [25] S25 [20] S23 [22] S23 [25] S25 [14] S14 [16] S16 [9] S15 [13] S13
initialising model...
703227 parameters
initialising optimiser
preparing probe eval set...
defining train step...
starting training loop...

[... 802816 lines of plot redraws omitted ...]

[38;2;127;127;127m3.4┬───────────────────────────── loss (3.2377) ────────────────────────────┐[39m 
[38;2;127;127;127m   │[38;2;0;255;255m⠓⠒⠒⠒⠒⠒⠒⠒⠒⠒⠒⠒⠒⠒⠒⠒⠒⠒⠒⠒⠒⠒⠒⠒⠒⠒⠒⠒⠒⠒⠒⠒⠒⠒⠒⠒⠒⠒⠒⠒⠒⠒⠒⠒⠒⠒⠒⠒⠒⠒⠒⠒⠒⠒⠒⠒⠒⠒⠒⠒⠒⠒⠒⠒⠒⠒⠒⠒⠒⠒⠒⠒[38;2;127;127;127m│[39m 
[38;2;127;127;127m n │[39m                                                                        [38;2;127;127;127m│[39m 
[38;2;127;127;127m a │[39m                                                                        [38;2;127;127;127m│[39m 
[38;2;127;127;127m t │[39m                                                                        [38;2;127;127;127m│[39m 
[38;2;127;127;127m s │[39m                                                                        [38;2;127;127;127m│[39m 
[38;2;127;127;127m   │[39m                                                                        [38;2;127;127;127m│[39m 
[38;2;127;127;127m0.0┼────────────────────────────────────────────────────────────────────────┤[39m 
[38;2;127;127;127m   0.0                                                              1048576.0[39m 
[38;2;127;127;127m0.0┬────── probe mse (magenta=factored, yellow=joint, colours=factors) ─────┐[39m 
[38;2;127;127;127m   │[38;2;255;0;255m⠁[39m                                                                       [38;2;127;127;127m│[39m 
[38;2;127;127;127m   │[38;2;0;255;0m⡀[39m                                                                       [38;2;127;127;127m│[39m 
[38;2;127;127;127m   │[38;2;255;0;0m⡀[39m                                                                       [38;2;127;127;127m│[39m 
[38;2;127;127;127m   │[38;2;127;63;127m⠆[39m                                                                       [38;2;127;127;127m│[39m 
[38;2;127;127;127m   │[38;2;255;0;0m⡀[39m    [38;2;255;0;0m⢀[38;2;90;18;145m⣀[39m [38;2;0;0;255m⡀[39m [38;2;0;0;255m⣀⡀⢀[38;2;116;51;147m⣰[38;2;0;19;235m⣀[38;2;7;55;198m⣄[38;2;0;0;255m⣀[38;2;14;19;234m⣤[38;2;9;15;238m⣄[38;2;53;22;216m⣠[38;2;8;34;219m⣄[38;2;4;0;255m⣀[38;2;2;37;216m⣀[38;2;0;0;255m⣀[38;2;0;24;229m⣀[38;2;0;77;176m⣀[38;2;0;40;213m⣀[38;2;12;56;197m⣀[38;2;0;0;255m⢀[39m [38;2;0;42;212m⢀[39m [38;2;2;81;172m⣀[38;2;0;60;193m⣀[38;2;0;77;176m⣀[38;2;4;143;110m⣀[38;2;5;114;139m⣀[38;2;0;81;172m⣀[38;2;18;100;153m⣤[38;2;20;85;169m⣤[38;2;6;87;166m⣤[38;2;5;85;168m⣀[38;2;28;111;142m⣤[38;2;70;91;162m⣶[38;2;42;95;159m⣦[38;2;7;88;166m⣄[38;2;36;70;183m⣤[38;2;59;87;166m⣤[38;2;48;78;175m⣠[38;2;32;96;157m⣤[38;2;60;89;164m⣤[38;2;76;87;166m⣶[38;2;90;81;163m⣾[38;2;89;81;161m⣦[38;2;85;84;167m⣴[38;2;68;91;162m⣤[38;2;126;63;128m⣶[38;2;127;63;126m⣿[38;2;127;63;127m⣶[38;2;107;73;146m⣤[38;2;120;66;133m⣶[38;2;88;64;183m⣤[38;2;89;71;182m⣤[38;2;84;84;169m⣴[38;2;88;81;166m⣶[38;2;95;79;158m⣶[38;2;84;84;169m⣾⣷[38;2;102;75;150m⣶[38;2;83;84;169m⣶[38;2;84;84;169m⣶[38;2;80;86;167m⣴[38;2;127;127;127m│[39m 
[38;2;127;127;127m   │[38;2;152;102;101m⣧[38;2;152;101;101m⣤⣶⡶⠾⣾[38;2;153;102;100m⠿[38;2;152;101;101m⠿⠿⠿[38;2;153;101;101m⠻[38;2;152;101;101m⠻⠿[38;2;166;121;84m⠛[38;2;154;102;100m⠛[38;2;179;110;83m⠛[38;2;157;104;96m⠛[38;2;166;109;88m⠛[38;2;170;112;84m⠟[38;2;159;106;94m⠛[38;2;156;103;98m⠿[38;2;159;106;93m⠟[38;2;165;107;91m⠛[38;2;155;103;98m⠛[38;2;158;104;96m⠻[38;2;155;102;99m⠻[38;2;157;103;98m⠿⠟[38;2;153;102;100m⠿[38;2;152;101;101m⠿[38;2;153;102;100m⠿[38;2;152;101;101m⠿[38;2;186;106;85m⠻[38;2;156;102;99m⠿[38;2;154;101;100m⠟[38;2;158;100;101m⠟[38;2;183;98;93m⠛[38;2;185;105;86m⠛[38;2;215;101;77m⠛[38;2;219;110;67m⠛[38;2;202;106;79m⠛[38;2;193;106;83m⠛[38;2;240;94;72m⠛[38;2;254;114;26m⠛[38;2;237;106;58m⠛[38;2;212;106;75m⠛[38;2;213;117;59m⠛[38;2;236;114;42m⠛[38;2;210;114;60m⠛[38;2;224;104;68m⠛[38;2;241;112;41m⠛[38;2;251;120;16m⠛[38;2;255;135;0m⠛[38;2;255;133;4m⠛[38;2;255;128;0m⠛[38;2;252;112;30m⠛[38;2;255;249;0m⠓[38;2;255;255;0m⠒⠒[38;2;255;165;0m⠛[38;2;253;212;0m⠛[38;2;218;139;17m⠛[38;2;228;138;3m⠛[38;2;252;126;2m⠛[38;2;252;133;1m⠛[38;2;255;142;0m⠛[38;2;255;127;0m⠛⠛[38;2;255;155;1m⠛[38;2;255;125;1m⠛[38;2;254;127;0m⠛[38;2;255;122;9m⠛[38;2;127;127;127m│[39m 
[38;2;127;127;127m0.0┼────────────────────────────────────────────────────────────────────────┤[39m 
[38;2;127;127;127m   0.0                                                              1048576.0[39m 
[38;2;127;127;127m1.0┬────────────────── R² (magenta=factored, yellow=joint) ─────────────────┐[39m 
[38;2;127;127;127m   │[38;2;255;127;127m⣭[38;2;255;47;207m⡉[38;2;255;0;255m⠉⠉⠉⠉⠉⠉⠉⠉⠉⠉⠉⠙⠉⠉⠉⠋⠉⠙⠉⠉⠉⠉⠉⠉⠉⠉⠉⠉⠉⠉⠉⠉⠉⠉⠉⠉⠛⠋⠉⠉⠙⠛⠛⠉⠛⠋⠙⠋⠛⠛⠒⠛⠛⠛⠒⠒⠒⠛⠛⠛⠛⠛⠓⠓⠒⠛⠚⠛⠛⠛[38;2;127;127;127m│[39m 
[38;2;127;127;127m   │[38;2;255;170;85m⠇[38;2;255;255;0m⠳⡄⡀[39m                                                                    [38;2;127;127;127m│[39m 
[38;2;127;127;127m   │[39m  [38;2;255;255;0m⠉⠙⠓⠛⠛⠛⠛⠋⠛⠋⠙⠛⠙⠛⠒⠒⠒⠒⠒⠒⠒⠒⠒⠒⠒⠒⠒⠒⠒⠒⠒⠒⠒⠒⠒⠒⠒⠒⠒⠒⠒⠒⠒⠒⠒⠒⠒⠒⠒⠒⠒⠒⠒⠒⠒⠒⠒⠒⠒⠒⠒⠒⠒⠒⠒⠒⠒⠒⠒⠒[38;2;127;127;127m│[39m 
[38;2;127;127;127m   │[39m                                                                        [38;2;127;127;127m│[39m 
[38;2;127;127;127m   │[39m                                                                        [38;2;127;127;127m│[39m 
[38;2;127;127;127m   │[39m                                                                        [38;2;127;127;127m│[39m 
[38;2;127;127;127m0.0┼────────────────────────────────────────────────────────────────────────┤[39m 
[38;2;127;127;127m   0.0                                                              1048576.0[39m 
[38;2;127;127;127m42.0┬─────────── PCA dims for 95% variance (green=factored DoF=6) ───────────┐[0m
[38;2;127;127;127m    │[38;2;255;255;0m⠁[39m                                                                       [38;2;127;127;127m│[0m
[38;2;127;127;127m    │[39m                                                                        [38;2;127;127;127m│[0m
[38;2;127;127;127m    │[39m                                                                        [38;2;127;127;127m│[0m
[38;2;127;127;127m    │[38;2;255;255;0m⡆[39m                                                                       [38;2;127;127;127m│[0m
[38;2;127;127;127m    │[38;2;255;255;0m⣇⡀[39m                                                                      [38;2;127;127;127m│[0m
[38;2;127;127;127m    │[38;2;0;255;0m⠁[38;2;255;255;0m⠳⢤⣀⣤⣤⣤⣤⣤⠤⠤⢤⣤⣤⣤⠤⠤⠤⠤⠤⣤⠤⠤⣤⢤⡤⢤⠤⠤⣤⣤⣤⣤⡤⣤⣤⢤⢤⡤⠤⠤⠤⠤⠤⠤⠤⠤⠤⠤⠤⠤⠤⠤⠤⠤⠤⠤⠤⠤⠤⠤⠤⠤⠤⠤⠴⠶⠶⠶⠶⠶[38;2;253;255;0m⠾[38;2;127;127;127m│[0m
[38;2;127;127;127m 0.0┼────────────────────────────────────────────────────────────────────────┤[0m
[38;2;127;127;127m    0.0                                                              1048576.0[0m
[38;2;127;127;127m 0.9┬──────── F0 ────────┐ 0.9┬──────── F1 ────────┐ 0.9┬──────── F2 ────────┐[0m
[38;2;127;127;127m    │[39m                    [38;2;127;127;127m│    │[39m                    [38;2;127;127;127m│    │[39m        [38;2;255;0;255m⠠⠆⣧[39m         [38;2;127;127;127m│[0m
[38;2;127;127;127m    │[39m         [38;2;255;0;255m⡀[39m [38;2;255;0;255m⢀[39m        [38;2;127;127;127m│    │[39m          [38;2;255;0;255m⠄[39m         [38;2;127;127;127m│    │[39m       [38;2;255;0;255m⡠⠗[38;2;67;4;232m⣿[38;2;64;14;233m⣷[38;2;255;0;255m⣖[39m        [38;2;127;127;127m│[0m
[38;2;127;127;127m    │[39m        [38;2;255;0;255m⠈[38;2;99;14;226m⠰[38;2;114;16;222m⣯[39m         [38;2;127;127;127m│    │[39m        [38;2;255;0;255m⢈[38;2;115;18;216m⢴⣾[38;2;255;0;255m⣠[39m        [38;2;127;127;127m│    │[39m      [38;2;255;0;255m⠄⢀⡟[38;2;248;0;253m⣛[38;2;143;9;235m⣿[38;2;255;0;255m⡇⠈[39m       [38;2;127;127;127m│[0m
[38;2;127;127;127m    │[39m       [38;2;255;0;255m⠠⢁[38;2;117;20;201m⡴[38;2;107;28;202m⣳[38;2;255;0;255m⢀[39m        [38;2;127;127;127m│    │[39m        [38;2;255;0;255m⢾[38;2;137;19;209m⣿[38;2;113;27;202m⣿[38;2;255;0;255m⡃[39m        [38;2;127;127;127m│    │[39m        [38;2;255;0;255m⠊[38;2;143;23;205m⣍[38;2;108;29;194m⡅[38;2;255;0;255m⢁[39m        [38;2;127;127;127m│[0m
[38;2;127;127;127m    │[39m       [38;2;255;0;255m⠄[38;2;159;18;198m⣿[38;2;231;5;243m⢹[38;2;129;35;183m⣿[38;2;144;33;202m⣇[38;2;255;0;255m⠐[39m       [38;2;127;127;127m│    │[39m        [38;2;255;0;255m⠺⣿⡷⠁[39m        [38;2;127;127;127m│    │[39m        [38;2;255;0;255m⠲⡁⠁⠠[39m        [38;2;127;127;127m│[0m
[38;2;127;127;127m    │[39m      [38;2;255;0;255m⢴[38;2;183;16;188m⣮[38;2;158;25;177m⣿[38;2;192;23;204m⣽[38;2;183;28;202m⣯[38;2;108;63;158m⣾[38;2;134;55;178m⢿[38;2;255;0;255m⡹⡄[39m     [38;2;127;127;127m│    │[39m       [38;2;255;0;255m⠐[39m  [38;2;255;0;255m⠂[39m         [38;2;127;127;127m│    │[39m                    [38;2;127;127;127m│[0m
[38;2;127;127;127m    │[39m      [38;2;195;16;174m⣾[38;2;169;27;154m⣿[38;2;209;20;201m⣳[38;2;205;22;202m⣶[38;2;200;26;206m⢻[38;2;127;66;144m⣏[38;2;111;78;143m⣟[38;2;167;50;189m⣯[38;2;217;24;225m⣥[39m     [38;2;127;127;127m│    │[39m     [38;2;255;0;255m⢀[39m              [38;2;127;127;127m│    │[39m                    [38;2;127;127;127m│[0m
[38;2;127;127;127m    │[39m   [38;2;255;0;255m⢀[38;2;244;4;224m⣔[38;2;196;22;129m⣿[38;2;228;11;208m⡽[38;2;191;31;147m⣾[38;2;201;27;178m⣃[38;2;143;68;101m⣭[38;2;168;54;153m⣻[38;2;206;30;203m⣷[38;2;128;88;127m⡽[38;2;175;55;179m⣿[38;2;151;76;161m⣿[38;2;142;88;151m⣆[38;2;255;0;255m⠐[39m   [38;2;127;127;127m│    │[39m   [38;2;255;0;255m⢀⣀[38;2;199;22;121m⣧[38;2;255;0;255m⣼⠕⠁[39m  [38;2;255;0;255m⢀⡀⣻[38;2;87;129;96m⣶[38;2;255;0;255m⣅⡢[39m   [38;2;127;127;127m│    │[39m   [38;2;255;0;255m⢀⣄[38;2;180;35;84m⣄[38;2;255;0;255m⢆[39m      [38;2;255;0;255m⢀[38;2;85;130;86m⣀[39m [38;2;255;0;255m⡐[39m   [38;2;127;127;127m│[0m
[38;2;127;127;127m    │[39m  [38;2;255;0;255m⣀[38;2;219;16;97m⡴[38;2;214;18;122m⠻[38;2;194;32;89m⠿[38;2;221;21;174m⠟[38;2;191;41;129m⠿[38;2;211;30;177m⣻[38;2;180;52;138m⠟[38;2;198;41;175m⢞[38;2;159;72;132m⠟[38;2;152;80;133m⠿[38;2;183;56;176m⢿[38;2;126;104;123m⡿[38;2;100;131;98m⠗[38;2;75;158;75m⣤[38;2;255;0;255m⡀[39m  [38;2;127;127;127m│    │[39m [38;2;255;0;255m⢠⣰⣾[38;2;217;17;123m⢿[38;2;193;32;92m⠟[38;2;255;0;255m⠅⠉[39m   [38;2;255;0;255m⠐⠡⢿[38;2;120;109;115m⣿[38;2;123;112;123m⢿[38;2;255;0;255m⠝⢄[39m  [38;2;127;127;127m│    │[39m [38;2;255;0;255m⣄[38;2;232;6;78m⣰[38;2;255;0;255m⣵[38;2;236;8;188m⣿[38;2;230;11;196m⠍[38;2;255;0;255m⠁[39m     [38;2;255;0;255m⢀⠛[38;2;154;79;154m⢝[38;2;154;85;154m⣻[38;2;255;0;255m⣻[38;2;80;159;86m⣶[38;2;255;0;255m⣦⡈[38;2;127;127;127m│[0m
[38;2;127;127;127m    │[39m  [38;2;255;0;255m⠉⠂⠈⠈[39m          [38;2;255;0;255m⠃[39m   [38;2;127;127;127m│    │[39m [38;2;255;0;255m⠐[39m [38;2;255;0;255m⠁[39m [38;2;255;0;255m⠁[39m         [38;2;255;0;255m⠁⠈⠁[39m  [38;2;127;127;127m│    │[38;2;255;0;255m⣿⢿[38;2;233;14;66m⠻[38;2;255;0;255m⠙[39m         [38;2;255;0;255m⠐⠈⠉⢻[38;2;72;175;62m⣏[38;2;255;0;255m⢗⢐[38;2;127;127;127m│[0m
[38;2;127;127;127m-0.1┼────────────────────┤-0.1┼────────────────────┤-0.1┼────────────────────┤[0m
[38;2;127;127;127m    -0.1               1.1    -0.1               1.1    -0.1               1.1[0m100%|█████████▉| 1048573/1048576 [8:52:58<00:00, 34.38it/s]100%|██████████| 1048576/1048576 [8:52:58<00:00, 32.79it/s]

done!
