nohup: ignoring input
/home/matt/simplex/simplex2b.py:435: DeprecationWarning: jax.device_put_replicated is deprecated; use jax.device_put instead.
  rep_model = jax.device_put_replicated(model, jax.local_devices())
configuration:
* sequence_length               : 8
* num_factors                   : 3
* num_blocks                    : 4
* embed_size                    : 120
* num_heads                     : 3
* head_size                     : 40
* mlp_size                      : 480
* learning_rate                 : 0.0005
* batch_size_per_device         : 6250
* num_steps                     : 1048576
* opt                           : 'adam'
* probe_layer                   : -1
* probe_num_seqs                : 512
* vis_period                    : 64
* epsilon                       : 0.5
* results_file                  : ''
* metrics_file                  : 'metrics_eps0.5_big.jsonl'
* seed                          : 42
* train                         : True
* args                          : 'simplex2b.py --batch-size-per-device 6250 --epsilon 0.5 --metrics-file metrics_eps0.5_big.jsonl'
* start_time                    : datetime.datetime(2026, 3, 15, 17, 46, 27, 214325)
* num_devices                   : 4
* batch_size                    : 25000
initialising training distribution...
  F0: alpha=0.550, x=0.100
  F1: alpha=0.700, x=0.275
  F2: alpha=0.850, x=0.450
factors: 3, symbols per factor: [3, 3, 3]
joint symbols: 27, joint states: 27
example sequences
* S11 [23] S18 [16] S19 [22] S8 [13] S4 [11] S2 [9] S0 [21] S5 [22] S23
* S24 [19] S25 [12] S7 [25] S8 [24] S6 [15] S20 [2] S24 [19] S19 [26] S20
* S10 [12] S12 [22] S16 [25] S14 [15] S16 [0] S12 [2] S11 [12] S12 [7] S14
* S10 [5] S14 [12] S20 [4] S24 [15] S23 [4] S22 [23] S23 [3] S21 [4] S23
* S4 [19] S19 [23] S23 [19] S22 [26] S20 [20] S13 [2] S9 [11] S11 [26] S10
* S5 [7] S10 [19] S17 [16] S12 [15] S10 [10] S3 [10] S4 [0] S0 [5] S2
* S25 [11] S26 [7] S24 [26] S20 [18] S18 [17] S23 [3] S21 [2] S23 [15] S19
* S26 [18] S21 [23] S19 [10] S21 [5] S21 [8] S7 [15] S6 [4] S13 [21] S12
* S7 [16] S15 [10] S13 [8] S17 [9] S9 [8] S10 [7] S14 [15] S16 [22] S6
* S22 [25] S21 [19] S19 [22] S23 [25] S25 [11] S24 [20] S20 [9] S10 [11] S23
initialising model...
703227 parameters
initialising optimiser
preparing probe eval set...
defining train step...
starting training loop...

[... 802816 lines of plot redraws omitted ...]

[38;2;127;127;127m3.4┬───────────────────────────── loss (3.2964) ────────────────────────────┐[39m 
[38;2;127;127;127m   │[38;2;0;255;255m⠓⠒⠒⠒⠒⠒⠒⠒⠒⠒⠒⠒⠒⠒⠒⠒⠒⠒⠒⠒⠒⠒⠒⠒⠒⠒⠓⠒⠒⠒⠛⠒⠒⠚⠒⠒⠒⠚⠒⠒⠒⠒⠓⠓⠓⠓⠚⠒⠒⠒⠓⠒⠒⠓⠒⠓⠚⠒⠒⠒⠒⠒⠒⠚⠒⠒⠓⠚⠒⠒⠚⠒[38;2;127;127;127m│[39m 
[38;2;127;127;127m n │[39m                                                                        [38;2;127;127;127m│[39m 
[38;2;127;127;127m a │[39m                                                                        [38;2;127;127;127m│[39m 
[38;2;127;127;127m t │[39m                                                                        [38;2;127;127;127m│[39m 
[38;2;127;127;127m s │[39m                                                                        [38;2;127;127;127m│[39m 
[38;2;127;127;127m   │[39m                                                                        [38;2;127;127;127m│[39m 
[38;2;127;127;127m0.0┼────────────────────────────────────────────────────────────────────────┤[39m 
[38;2;127;127;127m   0.0                                                              1048576.0[39m 
[38;2;127;127;127m0.0┬────── probe mse (magenta=factored, yellow=joint, colours=factors) ─────┐[39m 
[38;2;127;127;127m   │[38;2;255;0;255m⠁[39m                   [38;2;0;0;255m⠰[39m     [38;2;85;112;142m⣷[39m                                          [38;2;0;48;206m⡆[39m  [38;2;127;127;127m│[39m 
[38;2;127;127;127m   │[38;2;0;127;127m⠆[39m                   [38;2;0;0;255m⢨[39m     [38;2;78;78;176m⣿[38;2;0;255;0m⣤[39m   [38;2;0;0;255m⠸[39m  [38;2;0;127;127m⡄[39m                       [38;2;0;255;0m⢰[39m          [38;2;47;124;130m⣿[39m [38;2;0;255;0m⢠[38;2;127;127;127m│[39m 
[38;2;127;127;127m   │[38;2;0;0;255m⠁[39m                   [38;2;109;36;218m⢨[38;2;0;0;255m⡀[38;2;0;255;0m⣀[39m [38;2;0;63;191m⡂[39m [38;2;119;74;149m⣿[38;2;8;238;17m⣹[38;2;4;209;44m⢸[39m  [38;2;48;91;162m⢸[39m [38;2;0;255;0m⢠[38;2;18;214;39m⣷[38;2;0;255;0m⢠⣤⣧[38;2;0;190;63m⢰[39m         [38;2;0;0;255m⠠[39m     [38;2;38;141;112m⢰[38;2;0;127;127m⡆[39m [38;2;0;255;0m⣤[38;2;31;208;45m⣾[38;2;0;255;0m⣄⡄[38;2;0;178;76m⣀[39m [38;2;0;161;93m⡄[38;2;0;255;0m⢠⣤[38;2;0;231;23m⣀[39m [38;2;18;157;96m⣷[38;2;58;169;84m⣿[38;2;16;212;41m⣇[38;2;8;246;8m⢸[38;2;127;127;127m│[39m 
[38;2;127;127;127m   │[38;2;198;0;141m⡃[39m                   [38;2;77;126;127m⢸[38;2;32;139;114m⡇[38;2;44;173;81m⣿[38;2;63;127;124m⣾[38;2;46;181;72m⡧[38;2;0;0;255m⢰[38;2;162;65;80m⣿[38;2;99;119;122m⣿[38;2;113;48;199m⢸[38;2;25;228;25m⣧[38;2;64;104;149m⡇[38;2;45;184;69m⣿[38;2;0;255;0m⣶[38;2;13;218;35m⣾[38;2;97;101;146m⣿[38;2;81;173;54m⣿[38;2;83;171;82m⣿[38;2;59;195;59m⣿[38;2;60;170;69m⣿[38;2;16;238;9m⣦[38;2;0;255;0m⣄⣴⣤⣦⣤⣤[38;2;115;135;50m⣴[38;2;2;251;2m⣧[38;2;92;125;84m⣼[38;2;7;246;0m⣄[38;2;17;236;0m⣰[38;2;0;255;0m⣄[38;2;109;145;0m⣀[38;2;99;84;146m⣴[38;2;117;66;154m⣸[38;2;83;140;106m⣷[38;2;69;184;69m⣾[38;2;177;66;114m⣿[38;2;192;35;120m⣿[38;2;173;81;97m⣿[38;2;132;77;120m⣿[38;2;126;73;125m⣿[38;2;101;113;114m⣷[38;2;98;77;168m⣿[38;2;98;74;167m⣿[38;2;105;51;193m⣿[38;2;110;67;153m⣿[38;2;90;88;162m⣿[38;2;153;38;140m⣿[38;2;182;1;142m⣿[38;2;136;94;126m⣿[38;2;141;81;130m⣿[38;2;127;127;127m│[39m 
[38;2;127;127;127m   │[38;2;110;110;88m⡇[39m                   [38;2;187;40;87m⢸[38;2;97;111;110m⡇[38;2;133;63;127m⣿[38;2;158;34;125m⣿[38;2;135;86;108m⣿[38;2;128;80;120m⢸[38;2;143;56;113m⣿[38;2;149;60;115m⣿[38;2;153;71;56m⣿[38;2;135;68;125m⣿[38;2;125;106;72m⣷[38;2;189;25;125m⣿[38;2;143;80;112m⣿[38;2;161;35;136m⣿[38;2;177;1;135m⣿[38;2;158;45;126m⣿[38;2;170;0;150m⣿[38;2;164;0;162m⣿[38;2;171;0;160m⣿[38;2;151;24;153m⡿[38;2;136;51;133m⢿[38;2;146;35;145m⣿[38;2;145;35;145m⣿[38;2;163;27;145m⣿[38;2;151;39;138m⣿[38;2;143;40;141m⣿[38;2;131;39;152m⢿[38;2;154;21;155m⢿[38;2;132;53;133m⣿[38;2;131;56;131m⠿[38;2;128;60;129m⢿[38;2;132;54;132m⣿[38;2;127;62;128m⠿[38;2;135;56;120m⠟[38;2;142;51;115m⠛[38;2;146;33;134m⠛[38;2;154;6;154m⠟[38;2;63;0;190m⠛[38;2;12;0;242m⠛[38;2;49;0;207m⠛[38;2;125;9;155m⠛[38;2;136;8;135m⠉[38;2;159;0;142m⠛[38;2;238;0;16m⠙[38;2;241;0;13m⠉[38;2;255;0;0m⠉⠉[38;2;218;0;37m⠉[38;2;255;0;0m⠁[39m [38;2;133;0;142m⠻[38;2;131;0;147m⠛[38;2;127;127;127m│[39m 
[38;2;127;127;127m   │[38;2;153;102;101m⣇[38;2;153;102;102m⣀[38;2;152;101;101m⣤⣤⣤⣴⣶⣴⣶⣶⣶⣶⣶⣶⣷⣷⣶⣶⣷⣶[38;2;155;104;99m⣾[38;2;167;98;99m⣿[38;2;180;112;90m⣿[38;2;174;135;79m⣏[38;2;173;106;97m⣻[38;2;155;103;98m⣿[38;2;208;174;50m⣹[38;2;178;130;89m⣿[38;2;171;113;93m⣿[38;2;167;107;96m⣿[38;2;169;99;108m⣿[38;2;184;168;73m⣟[38;2;177;101;104m⣿[38;2;203;192;55m⣋[38;2;247;247;7m⣁[38;2;177;177;77m⣙[38;2;213;213;41m⣋[38;2;249;249;5m⣈[38;2;251;251;3m⣁[38;2;255;255;0m⣀[38;2;247;247;7m⣈[38;2;252;252;2m⣈[38;2;255;255;0m⣀[38;2;209;209;45m⣉[38;2;218;218;36m⣈[38;2;246;246;8m⣁[38;2;255;255;0m⣀⣀⣀⣀⣀⣀⣀⣀⣀⣀⣀⣀⣀⣀⣀⣀⣀⣀⣀⣀⣀⣀⣀⣀⣀⣀[38;2;127;127;127m│[39m 
[38;2;127;127;127m0.0┼────────────────────────────────────────────────────────────────────────┤[39m 
[38;2;127;127;127m   0.0                                                              1048576.0[39m 
[38;2;127;127;127m1.0┬────────────────── R² (magenta=factored, yellow=joint) ─────────────────┐[39m 
[38;2;127;127;127m   │[38;2;255;127;127m⡿⠯⣭⣍[38;2;255;113;141m⣉[38;2;255;19;235m⡉[38;2;255;0;255m⠉⠉⠉⠉⠉⠉⠉⠉⠉⠉⠉⠉⠉⠉⢹⠏⠿⠳⠟⠙⣾⠿⠻⠛⠏⢳⠛⠷⡶⠾⠶⠖⠲⠒⠒⠒⠒⠒⠒⠒⠲⠒⠲⠒⠒⠒⠒⠶⠲⠶⠲⠶⢦⠶⠶⠶⠶⠶⠤⠤⠤⠶⠤⣤⠶⠶[38;2;127;127;127m│[39m 
[38;2;127;127;127m   │[38;2;255;127;127m⠆[39m   [38;2;255;255;0m⠈⠛⠛⠶⠶⠶⠶⡤⠤⣤⣤⣤⣤⣤⣤⣤⣤⣠⣆⣄⣀⣼[38;2;255;118;136m⣏[38;2;255;255;0m⡀⣀⣠⢰⣀⣀⣄⣀⢀[39m [38;2;255;255;0m⣀⡀[39m [38;2;255;255;0m⣀⣀⣀⣤⣠⣠⣄⣀⣀⣀⣀⣀⣠⣀⣀⣠⣠⣀⣀⣠⣠⣤⣄⣀⣀⣠⣀⣤⣀[38;2;255;241;13m⣁[38;2;255;255;0m⣤⣄[38;2;127;127;127m│[39m 
[38;2;127;127;127m   │[39m                    [38;2;255;255;0m⠸⠃⠛⠛⠛⠈⡿⠛⠙⠛⠋⠹⠛⠋⠛⠛⠛⠋⠙⠙⠉⠉⠉⠉⠉⠉⠉⠉⠉⠉⠉⠉⠉⠉⠉⠉⠉⠉⠉⠉⠉[39m  [38;2;255;255;0m⠉⠉⠉⠉⠈⠉⠉[39m [38;2;255;255;0m⠈[38;2;127;127;127m│[39m 
[38;2;127;127;127m   │[39m                                                                        [38;2;127;127;127m│[39m 
[38;2;127;127;127m   │[39m                                                                        [38;2;127;127;127m│[39m 
[38;2;127;127;127m   │[39m                                                                        [38;2;127;127;127m│[39m 
[38;2;127;127;127m0.0┼────────────────────────────────────────────────────────────────────────┤[39m 
[38;2;127;127;127m   0.0                                                              1048576.0[39m 
[38;2;127;127;127m42.0┬─────────── PCA dims for 95% variance (green=factored DoF=6) ───────────┐[0m
[38;2;127;127;127m    │[38;2;255;255;0m⠁[39m                                                                       [38;2;127;127;127m│[0m
[38;2;127;127;127m    │[38;2;255;255;0m⡀[39m                                                                       [38;2;127;127;127m│[0m
[38;2;127;127;127m    │[38;2;255;255;0m⡇[39m                                                                       [38;2;127;127;127m│[0m
[38;2;127;127;127m    │[38;2;255;255;0m⡇[39m                                                                       [38;2;127;127;127m│[0m
[38;2;127;127;127m    │[38;2;255;255;0m⢳⣤⣤⣀⣀⣀⣀⣀⣀⣀⣀⣀⣀⣀⣤⡤⣤⡤⣤⣤⣄⣶⢀⡄[39m [38;2;255;255;0m⣀[39m                                              [38;2;127;127;127m│[0m
[38;2;127;127;127m    │[38;2;0;255;0m⠁[39m                   [38;2;255;255;0m⢻⣗⡟⣧⣼⢿⣤⣤⣤⢶⣶⣤⣤⣤⣤⣤⣄⣠⣤⣤⣤⣤⣄⣤⣤⡤⣤⣠⠤⡤⠤⣤⣤⣤⢤⡤⣤⣤⣤⣤⣤⣤⣤⣤⣤⣤⣤⣤⣤⣤⣤[38;2;253;255;0m⣬[38;2;127;127;127m│[0m
[38;2;127;127;127m 0.0┼────────────────────────────────────────────────────────────────────────┤[0m
[38;2;127;127;127m    0.0                                                              1048576.0[0m
[38;2;127;127;127m 0.9┬──────── F0 ────────┐ 0.9┬──────── F1 ────────┐ 0.9┬──────── F2 ────────┐[0m
[38;2;127;127;127m    │[39m                    [38;2;127;127;127m│    │[39m        [38;2;255;0;255m⢀[39m           [38;2;127;127;127m│    │[39m         [38;2;255;0;255m⢀⠂[39m         [38;2;127;127;127m│[0m
[38;2;127;127;127m    │[39m           [38;2;255;0;255m⢀[39m        [38;2;127;127;127m│    │[39m         [38;2;255;0;255m⡀[39m          [38;2;127;127;127m│    │[39m        [38;2;255;0;255m⢈[38;2;74;4;232m⣼[38;2;93;12;235m⣾[38;2;255;0;255m⠄[39m        [38;2;127;127;127m│[0m
[38;2;127;127;127m    │[39m         [38;2;21;21;212m⠐[38;2;91;18;217m⡣[39m         [38;2;127;127;127m│    │[39m        [38;2;255;0;255m⢰[38;2;158;12;228m⣻[38;2;76;24;204m⣮[38;2;255;0;255m⢂[39m        [38;2;127;127;127m│    │[39m        [38;2;255;0;255m⠪[38;2;220;4;245m⣿[38;2;186;5;242m⣿[38;2;255;0;255m⣷[39m        [38;2;127;127;127m│[0m
[38;2;127;127;127m    │[39m        [38;2;255;0;255m⡀[38;2;159;13;220m⣺[38;2;102;29;200m⣷[38;2;198;15;232m⣂[39m [38;2;255;0;255m⡀[39m      [38;2;127;127;127m│    │[39m       [38;2;255;0;255m⠐⢳[38;2;125;21;205m⣿[38;2;100;29;198m⣿[38;2;255;0;255m⡬[39m        [38;2;127;127;127m│    │[39m         [38;2;121;27;198m⢗[38;2;85;35;184m⡿[39m         [38;2;127;127;127m│[0m
[38;2;127;127;127m    │[39m       [38;2;255;0;255m⢰[38;2;152;20;191m⣽[38;2;237;4;245m⣿[38;2;105;42;169m⣿[38;2;75;57;166m⢧[39m        [38;2;127;127;127m│    │[39m        [38;2;255;0;255m⠸⢫⣭⠙[39m        [38;2;127;127;127m│    │[39m        [38;2;255;0;255m⠐⠁⠃[39m         [38;2;127;127;127m│[0m
[38;2;127;127;127m    │[39m      [38;2;255;0;255m⢀[38;2;178;18;183m⢭[38;2;206;12;215m⣷[38;2;154;36;175m⣽[38;2;187;26;204m⣷[38;2;153;42;189m⣿[38;2;50;94;124m⢇[39m       [38;2;127;127;127m│    │[39m    [38;2;255;0;255m⠈[39m   [38;2;255;0;255m⢐⠂⠪⡀[39m        [38;2;127;127;127m│    │[39m                    [38;2;127;127;127m│[0m
[38;2;127;127;127m    │[39m     [38;2;255;0;255m⢠[38;2;190;18;166m⣼[38;2;171;26;156m⣿[38;2;207;20;200m⣿[38;2;204;22;203m⣿[38;2;194;31;197m⣩[38;2;172;42;183m⣿[38;2;124;71;152m⣿[38;2;172;49;191m⣶[38;2;255;0;255m⠐[39m     [38;2;127;127;127m│    │[39m     [38;2;255;0;255m⢁⡀[39m   [38;2;255;0;255m⠁⢠⠠⣐[39m      [38;2;127;127;127m│    │[39m                    [38;2;127;127;127m│[0m
[38;2;127;127;127m    │[39m    [38;2;215;14;152m⢨[38;2;221;12;183m⣾[38;2;229;11;204m⣿[38;2;177;38;124m⣟[38;2;220;18;206m⣿[38;2;166;54;134m⣿[38;2;139;74;118m⣿[38;2;240;9;239m⣿[38;2;150;72;151m⣿[38;2;196;41;198m⣿[38;2;102;110;118m⣯[38;2;255;0;255m⠤[39m    [38;2;127;127;127m│    │[39m   [38;2;255;0;255m⠠⣬[38;2;211;17;151m⣾[38;2;255;0;255m⣽⡭[39m [38;2;255;0;255m⠈[39m [38;2;255;0;255m⠠⣮⣿[38;2;118;105;125m⣷[38;2;255;0;255m⣴⡂⡠[39m  [38;2;127;127;127m│    │[39m    [38;2;255;0;255m⢀[38;2;183;34;91m⣠[38;2;255;0;255m⠆[39m       [38;2;75;138;75m⣄[38;2;255;0;255m⣤⣠[39m   [38;2;127;127;127m│[0m
[38;2;127;127;127m    │[39m   [38;2;214;19;64m⣤[38;2;206;23;95m⠿[38;2;206;25;119m⠿[38;2;195;35;117m⠋[38;2;199;35;145m⠛[38;2;178;53;124m⠋[38;2;203;35;176m⠫[38;2;191;47;167m⠘[38;2;104;113;62m⠙[38;2;133;95;109m⠛[38;2;123;105;109m⠛[38;2;96;129;91m⠋[38;2;66;159;66m⠾[38;2;69;164;69m⢤[38;2;255;0;255m⢐[39m  [38;2;127;127;127m│    │[39m   [38;2;255;0;255m⠺[38;2;213;19;108m⣿[38;2;191;33;87m⢻[38;2;255;0;255m⠇⠖[39m   [38;2;255;0;255m⠈⠘⢝[38;2;94;131;88m⠿[38;2;83;146;84m⢻[38;2;255;0;255m⣃⠁[39m  [38;2;127;127;127m│    │[39m [38;2;255;0;255m⣀[38;2;231;7;76m⣾[38;2;255;0;255m⣶[38;2;247;3;226m⡿[38;2;208;22;138m⠻[38;2;255;0;255m⡣[39m   [38;2;255;0;255m⢀[39m  [38;2;255;0;255m⠈[38;2;157;77;157m⠹[38;2;187;57;187m⣿[38;2;255;0;255m⣿[38;2;74;163;81m⣧[38;2;255;0;255m⣆[39m [38;2;127;127;127m│[0m
[38;2;127;127;127m    │[39m [38;2;255;0;255m⠈⠎[39m                 [38;2;127;127;127m│    │[39m   [38;2;255;0;255m⠈⠂⠁⠐[39m       [38;2;255;0;255m⠃⠂[39m    [38;2;127;127;127m│    │[38;2;255;0;255m⠉[39m [38;2;233;14;65m⢻[38;2;255;0;255m⡛⠗⠁[39m    [38;2;255;0;255m⠈[39m    [38;2;255;0;255m⠉⠹[38;2;93;155;84m⠋[38;2;255;0;255m⠋⠒[38;2;127;127;127m│[0m
[38;2;127;127;127m-0.1┼────────────────────┤-0.1┼────────────────────┤-0.1┼────────────────────┤[0m
[38;2;127;127;127m    -0.1               1.1    -0.1               1.1    -0.1               1.1[0m100%|█████████▉| 1048573/1048576 [8:55:41<00:00, 34.15it/s]100%|██████████| 1048576/1048576 [8:55:41<00:00, 32.62it/s]

done!
